/home/relief/.rvm/gems/ruby-1.9.3-p448@railstutorial_rails_4_0/gems/railties-4.0.0/lib/rails/commands/runner.rb:53:in `eval': undefined method `title' for nil:NilClass (NoMethodError)
	from /mnt/d/rails/r4/app/models/crawl_dwjl.rb:14:in `InfofromZJU'
	from (eval):1:in `<top (required)>'
	from /home/relief/.rvm/gems/ruby-1.9.3-p448@railstutorial_rails_4_0/gems/railties-4.0.0/lib/rails/commands/runner.rb:53:in `eval'
	from /home/relief/.rvm/gems/ruby-1.9.3-p448@railstutorial_rails_4_0/gems/railties-4.0.0/lib/rails/commands/runner.rb:53:in `<top (required)>'
	from /home/relief/.rvm/gems/ruby-1.9.3-p448@railstutorial_rails_4_0/gems/railties-4.0.0/lib/rails/commands.rb:86:in `require'
	from /home/relief/.rvm/gems/ruby-1.9.3-p448@railstutorial_rails_4_0/gems/railties-4.0.0/lib/rails/commands.rb:86:in `<top (required)>'
	from bin/rails:4:in `require'
	from bin/rails:4:in `<main>'
/home/relief/.rvm/gems/ruby-1.9.3-p448@railstutorial_rails_4_0/gems/railties-4.0.0/lib/rails/commands/runner.rb:53:in `eval': undefined method `time' for 1:Fixnum (NoMethodError)
	from /mnt/d/rails/r4/app/models/crawl_dwjl.rb:14:in `InfofromZJU'
	from (eval):1:in `<top (required)>'
	from /home/relief/.rvm/gems/ruby-1.9.3-p448@railstutorial_rails_4_0/gems/railties-4.0.0/lib/rails/commands/runner.rb:53:in `eval'
	from /home/relief/.rvm/gems/ruby-1.9.3-p448@railstutorial_rails_4_0/gems/railties-4.0.0/lib/rails/commands/runner.rb:53:in `<top (required)>'
	from /home/relief/.rvm/gems/ruby-1.9.3-p448@railstutorial_rails_4_0/gems/railties-4.0.0/lib/rails/commands.rb:86:in `require'
	from /home/relief/.rvm/gems/ruby-1.9.3-p448@railstutorial_rails_4_0/gems/railties-4.0.0/lib/rails/commands.rb:86:in `<top (required)>'
	from bin/rails:4:in `require'
	from bin/rails:4:in `<main>'
/home/relief/.rvm/gems/ruby-1.9.3-p448@railstutorial_rails_4_0/gems/railties-4.0.0/lib/rails/commands/runner.rb:53:in `eval': undefined method `time' for 1:Fixnum (NoMethodError)
	from /mnt/d/rails/r4/app/models/crawl_dwjl.rb:14:in `InfofromZJU'
	from (eval):1:in `<top (required)>'
	from /home/relief/.rvm/gems/ruby-1.9.3-p448@railstutorial_rails_4_0/gems/railties-4.0.0/lib/rails/commands/runner.rb:53:in `eval'
	from /home/relief/.rvm/gems/ruby-1.9.3-p448@railstutorial_rails_4_0/gems/railties-4.0.0/lib/rails/commands/runner.rb:53:in `<top (required)>'
	from /home/relief/.rvm/gems/ruby-1.9.3-p448@railstutorial_rails_4_0/gems/railties-4.0.0/lib/rails/commands.rb:86:in `require'
	from /home/relief/.rvm/gems/ruby-1.9.3-p448@railstutorial_rails_4_0/gems/railties-4.0.0/lib/rails/commands.rb:86:in `<top (required)>'
	from bin/rails:4:in `require'
	from bin/rails:4:in `<main>'
/home/relief/.rvm/gems/ruby-1.9.3-p448@railstutorial_rails_4_0/gems/railties-4.0.0/lib/rails/commands/runner.rb:53:in `eval': undefined method `time' for 1:Fixnum (NoMethodError)
	from /mnt/d/rails/r4/app/models/crawl_dwjl.rb:14:in `InfofromZJU'
	from (eval):1:in `<top (required)>'
	from /home/relief/.rvm/gems/ruby-1.9.3-p448@railstutorial_rails_4_0/gems/railties-4.0.0/lib/rails/commands/runner.rb:53:in `eval'
	from /home/relief/.rvm/gems/ruby-1.9.3-p448@railstutorial_rails_4_0/gems/railties-4.0.0/lib/rails/commands/runner.rb:53:in `<top (required)>'
	from /home/relief/.rvm/gems/ruby-1.9.3-p448@railstutorial_rails_4_0/gems/railties-4.0.0/lib/rails/commands.rb:86:in `require'
	from /home/relief/.rvm/gems/ruby-1.9.3-p448@railstutorial_rails_4_0/gems/railties-4.0.0/lib/rails/commands.rb:86:in `<top (required)>'
	from bin/rails:4:in `require'
	from bin/rails:4:in `<main>'
2013-05-29
http://ugrs.zju.edu.cn/redir.php?catalog_id=711320&object_id=874311
关于公布美国普度大学2013-2014学年3+1+1本硕连读项目录取名单的通知
2013-05-29
http://ugrs.zju.edu.cn/redir.php?catalog_id=711320&object_id=874311
关于公布美国普度大学2013-2014学年3+1+1本硕连读项目录取名单的通知
